<?xml version="1.0" encoding="UTF-8"?>
<testng-results ignored="0" total="1" passed="1" failed="0" skipped="0">
  <reporter-output>
  </reporter-output>
  <suite started-at="2023-12-31T09:02:53 IST" name="Suite" finished-at="2023-12-31T09:03:36 IST" duration-ms="42870">
    <groups>
    </groups>
    <test started-at="2023-12-31T09:02:53 IST" name="Test" finished-at="2023-12-31T09:03:36 IST" duration-ms="42870">
      <class name="jenkins_concept.jenkins.test.JenkinsDemo">
        <test-method signature="test(java.lang.reflect.Method)[pri:0, instance:jenkins_concept.jenkins.test.JenkinsDemo@7a69b07]" started-at="2023-12-31T09:02:53 IST" name="test" finished-at="2023-12-31T09:03:36 IST" duration-ms="42796" status="PASS">
          <params>
            <param index="0">
              <value>
                <![CDATA[public void jenkins_concept.jenkins.test.JenkinsDemo.test(java.lang.reflect.Method)]]>
              </value>
            </param>
          </params>
          <reporter-output>
          </reporter-output>
        </test-method> <!-- test -->
      </class> <!-- jenkins_concept.jenkins.test.JenkinsDemo -->
    </test> <!-- Test -->
  </suite> <!-- Suite -->
</testng-results>
