<?xml version="1.0" encoding="UTF-8"?>
<testng-results ignored="0" total="1" passed="1" failed="0" skipped="0">
  <reporter-output>
  </reporter-output>
  <suite started-at="2024-01-30T14:22:25 IST" name="Default suite" finished-at="2024-01-30T14:23:12 IST" duration-ms="47180">
    <groups>
    </groups>
    <test started-at="2024-01-30T14:22:25 IST" name="Default test" finished-at="2024-01-30T14:23:12 IST" duration-ms="47180">
      <class name="jenkins_concept.jenkins.test.JenkinsDemo">
        <test-method signature="test(java.lang.reflect.Method)[pri:0, instance:jenkins_concept.jenkins.test.JenkinsDemo@3a93b025]" started-at="2024-01-30T14:22:25 IST" name="test" finished-at="2024-01-30T14:23:12 IST" duration-ms="46950" status="PASS">
          <params>
            <param index="0">
              <value>
                <![CDATA[public void jenkins_concept.jenkins.test.JenkinsDemo.test(java.lang.reflect.Method)]]>
              </value>
            </param>
          </params>
          <reporter-output>
          </reporter-output>
        </test-method> <!-- test -->
      </class> <!-- jenkins_concept.jenkins.test.JenkinsDemo -->
    </test> <!-- Default test -->
  </suite> <!-- Default suite -->
</testng-results>
